
UNRELEASED

  * build: fix choco packaging to pass chocolatey validation

  - mh-cbon <mh-cbon@users.noreply.github.com>

-- mh-cbon <mh-cbon@users.noreply.github.com>; Sat, 30 Jul 2016 01:53:07 +0200



0.0.16

  * build: add choco packaging

  - mh-cbon <mh-cbon@users.noreply.github.com>

-- mh-cbon <mh-cbon@users.noreply.github.com>; Sat, 30 Jul 2016 01:48:16 +0200



0.0.15

  * packaging: add support to generate rpm/deb repositories
  * appveyor: make use of latest to install msi apps and handle prerelease
  * travis: add personal gh token to generate deb/rpm repositories
  * release: appropriately generate draft gh release
  * release: add support for body description of gh release

  - mh-cbon <mh-cbon@users.noreply.github.com>

-- mh-cbon <mh-cbon@users.noreply.github.com>; Thu, 28 Jul 2016 18:09:10 +0200



0.0.14-beta6

  * appveyor: make use of latest to install msi apps
  * travis: add personal gh token
  * appveyor: update go-msi to handle prerelease
  * release: appropriately generate draft gh release
  * add support for body description of gh release
  * packaging: clean up to use centralized scripts
  * add support to generate rpm/deb repositories

  - mh-cbon <mh-cbon@users.noreply.github.com>

-- mh-cbon <mh-cbon@users.noreply.github.com>; Thu, 28 Jul 2016 18:08:33 +0200



0.0.14-beta5

  * appveyor: fix setup of gh-api-cli

  - mh-cbon <mh-cbon@users.noreply.github.com>

-- mh-cbon <mh-cbon@users.noreply.github.com>; Thu, 28 Jul 2016 13:38:42 +0200



0.0.14-beta4

  * appveyor: fix setup of gh-api-cli

  - mh-cbon <mh-cbon@users.noreply.github.com>

-- mh-cbon <mh-cbon@users.noreply.github.com>; Thu, 28 Jul 2016 13:35:44 +0200



0.0.14-beta3

  * appveyor: fix setup of gh-api-cli

  - mh-cbon <mh-cbon@users.noreply.github.com>

-- mh-cbon <mh-cbon@users.noreply.github.com>; Thu, 28 Jul 2016 13:32:29 +0200



0.0.14-beta2

  * appveyor: update method to download latest go-msi

  - mh-cbon <mh-cbon@users.noreply.github.com>

-- mh-cbon <mh-cbon@users.noreply.github.com>; Thu, 28 Jul 2016 13:27:29 +0200



0.0.14-beta1

  * travis: add persoal gh token
  * appveyor: update go-msi to handle prerelease
  * release: apprpriately generate draft gh release, add support for body description of gh release

  - mh-cbon <mh-cbon@users.noreply.github.com>

-- mh-cbon <mh-cbon@users.noreply.github.com>; Thu, 28 Jul 2016 10:56:36 +0200



0.0.14-beta

  * packaging: clean up to use centralized scripts, add support to generate rpm/deb repositories

  - mh-cbon <mh-cbon@users.noreply.github.com>

-- mh-cbon <mh-cbon@users.noreply.github.com>; Thu, 28 Jul 2016 09:50:35 +0200



0.0.13

  * git: fix first-rev to always return last hash only
  * README: update usage/install section

  - mh-cbon <mh-cbon@users.noreply.github.com>

-- mh-cbon <mh-cbon@users.noreply.github.com>; Tue, 26 Jul 2016 17:09:22 +0200



0.0.12

  * travis, appveyor: fix build script

  - mh-cbon <mh-cbon@users.noreply.github.com>

-- mh-cbon <mh-cbon@users.noreply.github.com>; Fri, 22 Jul 2016 11:20:07 +0200



0.0.11

  * add first-rev command
  * packaging: add rpm/deb/msi packaging

  - mh-cbon <mh-cbon@users.noreply.github.com>

-- mh-cbon <mh-cbon@users.noreply.github.com>; Fri, 22 Jul 2016 11:06:54 +0200



0.0.10

  * fix glide lock file

  - mh-cbon <mh-cbon@users.noreply.github.com>

-- mh-cbon <mh-cbon@users.noreply.github.com>; Mon, 11 Jul 2016 22:20:10 +0200



0.0.9

  * fix glide dependencies

  - mh-cbon <mh-cbon@users.noreply.github.com>

-- mh-cbon <mh-cbon@users.noreply.github.com>; Mon, 11 Jul 2016 18:54:36 +0200



0.0.8

  * fix variable initialization
  * add more date formats

  - mh-cbon <mh-cbon@users.noreply.github.com>

-- mh-cbon <mh-cbon@users.noreply.github.com>; Thu, 07 Jul 2016 15:32:17 +0200



0.0.7

  * add list-commands
  * fix bug when detecting a non clean vcs tree
  * Add doc

  - mh-cbon <mh-cbon@users.noreply.github.com>

-- mh-cbon <mh-cbon@users.noreply.github.com>; Thu, 30 Jun 2016 13:40:00 +0200



0.0.6

  * Use anotated tags for git

  - mh-cbon <mh-cbon@users.noreply.github.com>

-- mh-cbon <mh-cbon@users.noreply.github.com>; Tue, 21 Jun 2016 08:21:13 +0200



0.0.5

  * release scripts
  * update release scripts

  - mh-cbon <mh-cbon@users.noreply.github.com>

-- mh-cbon <mh-cbon@users.noreply.github.com>; Thu, 16 Jun 2016 22:21:47 +0200



0.0.4

  * update release script
  * version update

  - mh-cbon <mh-cbon@users.noreply.github.com>

-- mh-cbon <mh-cbon@users.noreply.github.com>; Mon, 13 Jun 2016 21:30:49 +0200



0.0.3

  * fmt
  * add commit && add methods

  - mh-cbon <mh-cbon@users.noreply.github.com>

-- mh-cbon <mh-cbon@users.noreply.github.com>; Mon, 13 Jun 2016 21:22:42 +0200



0.0.2

  * go fmt
  * add tag message argument

  - mh-cbon <mh-cbon@users.noreply.github.com>

-- mh-cbon <mh-cbon@users.noreply.github.com>; Mon, 13 Jun 2016 12:38:26 +0200



0.0.1

  * Initial release

  - mh-cbon <mh-cbon@users.noreply.github.com>

-- mh-cbon <mh-cbon@users.noreply.github.com>; Sun, 12 Jun 2016 16:51:53 +0200
